# JRE version: OpenJDK Runtime Environment Temurin-17+35 (17.0+35) (build 17+35)
# Java VM: OpenJDK 64-Bit Server VM Temurin-17+35 (17+35, mixed mode, tiered, compressed oops, compressed class ptrs, g1 gc, windows-amd64)
GC Precious Log:
 CPUs: 6 total, 6 available
 Memory: 16226M
 Large Page Support: Disabled
 NUMA Support: Disabled
 Compressed Oops: Enabled (Zero based)
 Heap Region Size: 2M
 Heap Min Capacity: 8M
 Heap Initial Capacity: 254M
 Heap Max Capacity: 4058M
 Pre-touch: Disabled
 Parallel Workers: 6
 Concurrent Workers: 2
 Concurrent Refinement Workers: 6
 Periodic GC: Disabled
Heap:
 garbage-first heap   total 296960K, used 226919K [0x0000000702600000, 0x0000000800000000)
  region size 2048K, 2 young (4096K), 2 survivors (4096K)
 Metaspace       used 40398K, committed 40832K, reserved 1089536K
  class space    used 4140K, committed 4352K, reserved 1048576K
GC Heap History (20 events):
Event: 3.900 GC heap after
{Heap after GC invocations=12 (full 0):
 garbage-first heap   total 190464K, used 65284K [0x0000000702600000, 0x0000000800000000)
  region size 2048K, 1 young (2048K), 1 survivors (2048K)
 Metaspace       used 35414K, committed 35712K, reserved 1081344K
  class space    used 3639K, committed 3776K, reserved 1048576K
}
Event: 4.122 GC heap before
{Heap before GC invocations=12 (full 0):
 garbage-first heap   total 190464K, used 128772K [0x0000000702600000, 0x0000000800000000)
  region size 2048K, 33 young (67584K), 1 survivors (2048K)
 Metaspace       used 35691K, committed 35968K, reserved 1081344K
  class space    used 3654K, committed 3776K, reserved 1048576K
}
Event: 4.124 GC heap after
{Heap after GC invocations=13 (full 0):
 garbage-first heap   total 190464K, used 65142K [0x0000000702600000, 0x0000000800000000)
  region size 2048K, 1 young (2048K), 1 survivors (2048K)
 Metaspace       used 35691K, committed 35968K, reserved 1081344K
  class space    used 3654K, committed 3776K, reserved 1048576K
}
Event: 4.551 GC heap before
{Heap before GC invocations=14 (full 0):
 garbage-first heap   total 190464K, used 142966K [0x0000000702600000, 0x0000000800000000)
  region size 2048K, 39 young (79872K), 1 survivors (2048K)
 Metaspace       used 37443K, committed 37824K, reserved 1089536K
  class space    used 3854K, committed 4032K, reserved 1048576K
}
Event: 4.554 GC heap after
{Heap after GC invocations=15 (full 0):
 garbage-first heap   total 190464K, used 66732K [0x0000000702600000, 0x0000000800000000)
  region size 2048K, 2 young (4096K), 2 survivors (4096K)
 Metaspace       used 37443K, committed 37824K, reserved 1089536K
  class space    used 3854K, committed 4032K, reserved 1048576K
}
Event: 5.926 GC heap before
{Heap before GC invocations=15 (full 0):
 garbage-first heap   total 190464K, used 144556K [0x0000000702600000, 0x0000000800000000)
  region size 2048K, 40 young (81920K), 2 survivors (4096K)
 Metaspace       used 40369K, committed 40832K, reserved 1089536K
  class space    used 4168K, committed 4352K, reserved 1048576K
}
Event: 5.931 GC heap after
{Heap after GC invocations=16 (full 0):
 garbage-first heap   total 190464K, used 71359K [0x0000000702600000, 0x0000000800000000)
  region size 2048K, 4 young (8192K), 4 survivors (8192K)
 Metaspace       used 40369K, committed 40832K, reserved 1089536K
  class space    used 4168K, committed 4352K, reserved 1048576K
}
Event: 6.330 GC heap before
{Heap before GC invocations=16 (full 0):
 garbage-first heap   total 190464K, used 104127K [0x0000000702600000, 0x0000000800000000)
  region size 2048K, 11 young (22528K), 4 survivors (8192K)
 Metaspace       used 41035K, committed 41472K, reserved 1089536K
  class space    used 4232K, committed 4416K, reserved 1048576K
}
Event: 6.334 GC heap after
{Heap after GC invocations=17 (full 0):
 garbage-first heap   total 190464K, used 92547K [0x0000000702600000, 0x0000000800000000)
  region size 2048K, 3 young (6144K), 3 survivors (6144K)
 Metaspace       used 41035K, committed 41472K, reserved 1089536K
  class space    used 4232K, committed 4416K, reserved 1048576K
}
Event: 7.173 GC heap before
{Heap before GC invocations=18 (full 0):
 garbage-first heap   total 190464K, used 168323K [0x0000000702600000, 0x0000000800000000)
  region size 2048K, 5 young (10240K), 3 survivors (6144K)
 Metaspace       used 41245K, committed 41664K, reserved 1089536K
  class space    used 4252K, committed 4416K, reserved 1048576K
}
Event: 7.175 GC heap after
{Heap after GC invocations=19 (full 0):
 garbage-first heap   total 190464K, used 165844K [0x0000000702600000, 0x0000000800000000)
  region size 2048K, 3 young (6144K), 3 survivors (6144K)
 Metaspace       used 41245K, committed 41664K, reserved 1089536K
  class space    used 4252K, committed 4416K, reserved 1048576K
}
Event: 7.176 GC heap before
{Heap before GC invocations=19 (full 0):
 garbage-first heap   total 190464K, used 180180K [0x0000000702600000, 0x0000000800000000)
  region size 2048K, 3 young (6144K), 3 survivors (6144K)
 Metaspace       used 41245K, committed 41664K, reserved 1089536K
  class space    used 4252K, committed 4416K, reserved 1048576K
}
Event: 7.179 GC heap after
{Heap after GC invocations=20 (full 0):
 garbage-first heap   total 190464K, used 173213K [0x0000000702600000, 0x0000000800000000)
  region size 2048K, 1 young (2048K), 1 survivors (2048K)
 Metaspace       used 41245K, committed 41664K, reserved 1089536K
  class space    used 4252K, committed 4416K, reserved 1048576K
}
Event: 7.185 GC heap before
{Heap before GC invocations=20 (full 0):
 garbage-first heap   total 190464K, used 173213K [0x0000000702600000, 0x0000000800000000)
  region size 2048K, 2 young (4096K), 1 survivors (2048K)
 Metaspace       used 41245K, committed 41664K, reserved 1089536K
  class space    used 4252K, committed 4416K, reserved 1048576K
}
Event: 7.185 GC heap after
{Heap after GC invocations=21 (full 0):
 garbage-first heap   total 190464K, used 172440K [0x0000000702600000, 0x0000000800000000)
  region size 2048K, 1 young (2048K), 1 survivors (2048K)
 Metaspace       used 41245K, committed 41664K, reserved 1089536K
  class space    used 4252K, committed 4416K, reserved 1048576K
}
Event: 7.592 GC heap before
{Heap before GC invocations=22 (full 0):
 garbage-first heap   total 296960K, used 235928K [0x0000000702600000, 0x0000000800000000)
  region size 2048K, 4 young (8192K), 1 survivors (2048K)
 Metaspace       used 39683K, committed 40768K, reserved 1089536K
  class space    used 4056K, committed 4352K, reserved 1048576K
}
Event: 7.593 GC heap after
{Heap after GC invocations=23 (full 0):
 garbage-first heap   total 296960K, used 230090K [0x0000000702600000, 0x0000000800000000)
  region size 2048K, 1 young (2048K), 1 survivors (2048K)
 Metaspace       used 39683K, committed 40768K, reserved 1089536K
  class space    used 4056K, committed 4352K, reserved 1048576K
}
Event: 7.623 GC heap before
{Heap before GC invocations=23 (full 0):
 garbage-first heap   total 296960K, used 242378K [0x0000000702600000, 0x0000000800000000)
  region size 2048K, 7 young (14336K), 1 survivors (2048K)
 Metaspace       used 39698K, committed 40768K, reserved 1089536K
  class space    used 4057K, committed 4352K, reserved 1048576K
}
Event: 7.625 GC heap after
{Heap after GC invocations=24 (full 0):
 garbage-first heap   total 296960K, used 225271K [0x0000000702600000, 0x0000000800000000)
  region size 2048K, 1 young (2048K), 1 survivors (2048K)
 Metaspace       used 39698K, committed 40768K, reserved 1089536K
  class space    used 4057K, committed 4352K, reserved 1048576K
}
Event: 7.739 GC heap before
{Heap before GC invocations=24 (full 0):
 garbage-first heap   total 296960K, used 255991K [0x0000000702600000, 0x0000000800000000)
  region size 2048K, 17 young (34816K), 1 survivors (2048K)
 Metaspace       used 40398K, committed 40832K, reserved 1089536K
  class space    used 4140K, committed 4352K, reserved 1048576K
}

