# JRE version: OpenJDK Runtime Environment Temurin-17+35 (17.0+35) (build 17+35)
# Java VM: OpenJDK 64-Bit Server VM Temurin-17+35 (17+35, mixed mode, tiered, compressed oops, compressed class ptrs, g1 gc, windows-amd64)
GC Precious Log:
 CPUs: 6 total, 6 available
 Memory: 16226M
 Large Page Support: Disabled
 NUMA Support: Disabled
 Compressed Oops: Enabled (Zero based)
 Heap Region Size: 2M
 Heap Min Capacity: 8M
 Heap Initial Capacity: 254M
 Heap Max Capacity: 4058M
 Pre-touch: Disabled
 Parallel Workers: 6
 Concurrent Workers: 2
 Concurrent Refinement Workers: 6
 Periodic GC: Disabled
Heap:
 garbage-first heap   total 204800K, used 187873K [0x0000000702600000, 0x0000000800000000)
  region size 2048K, 1 young (2048K), 1 survivors (2048K)
 Metaspace       used 41279K, committed 41664K, reserved 1089536K
  class space    used 4254K, committed 4416K, reserved 1048576K
GC Heap History (20 events):
Event: 3.822 GC heap after
{Heap after GC invocations=12 (full 0):
 garbage-first heap   total 157696K, used 62975K [0x0000000702600000, 0x0000000800000000)
  region size 2048K, 3 young (6144K), 3 survivors (6144K)
 Metaspace       used 34977K, committed 35264K, reserved 1081344K
  class space    used 3592K, committed 3712K, reserved 1048576K
}
Event: 4.032 GC heap before
{Heap before GC invocations=12 (full 0):
 garbage-first heap   total 157696K, used 118271K [0x0000000702600000, 0x0000000800000000)
  region size 2048K, 30 young (61440K), 3 survivors (6144K)
 Metaspace       used 35537K, committed 35840K, reserved 1081344K
  class space    used 3651K, committed 3776K, reserved 1048576K
}
Event: 4.037 GC heap after
{Heap after GC invocations=13 (full 0):
 garbage-first heap   total 190464K, used 64763K [0x0000000702600000, 0x0000000800000000)
  region size 2048K, 1 young (2048K), 1 survivors (2048K)
 Metaspace       used 35537K, committed 35840K, reserved 1081344K
  class space    used 3651K, committed 3776K, reserved 1048576K
}
Event: 4.167 GC heap before
{Heap before GC invocations=13 (full 0):
 garbage-first heap   total 190464K, used 97531K [0x0000000702600000, 0x0000000800000000)
  region size 2048K, 18 young (36864K), 1 survivors (2048K)
 Metaspace       used 35672K, committed 35968K, reserved 1081344K
  class space    used 3653K, committed 3776K, reserved 1048576K
}
Event: 4.170 GC heap after
{Heap after GC invocations=14 (full 0):
 garbage-first heap   total 190464K, used 65096K [0x0000000702600000, 0x0000000800000000)
  region size 2048K, 1 young (2048K), 1 survivors (2048K)
 Metaspace       used 35672K, committed 35968K, reserved 1081344K
  class space    used 3653K, committed 3776K, reserved 1048576K
}
Event: 4.586 GC heap before
{Heap before GC invocations=15 (full 0):
 garbage-first heap   total 190464K, used 144968K [0x0000000702600000, 0x0000000800000000)
  region size 2048K, 40 young (81920K), 1 survivors (2048K)
 Metaspace       used 37306K, committed 37696K, reserved 1089536K
  class space    used 3853K, committed 4032K, reserved 1048576K
}
Event: 4.588 GC heap after
{Heap after GC invocations=16 (full 0):
 garbage-first heap   total 190464K, used 66396K [0x0000000702600000, 0x0000000800000000)
  region size 2048K, 2 young (4096K), 2 survivors (4096K)
 Metaspace       used 37306K, committed 37696K, reserved 1089536K
  class space    used 3853K, committed 4032K, reserved 1048576K
}
Event: 6.119 GC heap before
{Heap before GC invocations=16 (full 0):
 garbage-first heap   total 190464K, used 148316K [0x0000000702600000, 0x0000000800000000)
  region size 2048K, 42 young (86016K), 2 survivors (4096K)
 Metaspace       used 40403K, committed 40768K, reserved 1089536K
  class space    used 4170K, committed 4352K, reserved 1048576K
}
Event: 6.124 GC heap after
{Heap after GC invocations=17 (full 0):
 garbage-first heap   total 190464K, used 71923K [0x0000000702600000, 0x0000000800000000)
  region size 2048K, 5 young (10240K), 5 survivors (10240K)
 Metaspace       used 40403K, committed 40768K, reserved 1089536K
  class space    used 4170K, committed 4352K, reserved 1048576K
}
Event: 6.561 GC heap before
{Heap before GC invocations=17 (full 0):
 garbage-first heap   total 190464K, used 102643K [0x0000000702600000, 0x0000000800000000)
  region size 2048K, 11 young (22528K), 5 survivors (10240K)
 Metaspace       used 41167K, committed 41536K, reserved 1089536K
  class space    used 4242K, committed 4416K, reserved 1048576K
}
Event: 6.564 GC heap after
{Heap after GC invocations=18 (full 0):
 garbage-first heap   total 190464K, used 92158K [0x0000000702600000, 0x0000000800000000)
  region size 2048K, 3 young (6144K), 3 survivors (6144K)
 Metaspace       used 41167K, committed 41536K, reserved 1089536K
  class space    used 4242K, committed 4416K, reserved 1048576K
}
Event: 7.353 GC heap before
{Heap before GC invocations=19 (full 0):
 garbage-first heap   total 204800K, used 188414K [0x0000000702600000, 0x0000000800000000)
  region size 2048K, 5 young (10240K), 3 survivors (6144K)
 Metaspace       used 41279K, committed 41664K, reserved 1089536K
  class space    used 4254K, committed 4416K, reserved 1048576K
}
Event: 7.355 GC heap after
{Heap after GC invocations=20 (full 0):
 garbage-first heap   total 204800K, used 186317K [0x0000000702600000, 0x0000000800000000)
  region size 2048K, 3 young (6144K), 3 survivors (6144K)
 Metaspace       used 41279K, committed 41664K, reserved 1089536K
  class space    used 4254K, committed 4416K, reserved 1048576K
}
Event: 7.356 GC heap before
{Heap before GC invocations=20 (full 0):
 garbage-first heap   total 204800K, used 194509K [0x0000000702600000, 0x0000000800000000)
  region size 2048K, 3 young (6144K), 3 survivors (6144K)
 Metaspace       used 41279K, committed 41664K, reserved 1089536K
  class space    used 4254K, committed 4416K, reserved 1048576K
}
Event: 7.358 GC heap after
{Heap after GC invocations=21 (full 0):
 garbage-first heap   total 204800K, used 188797K [0x0000000702600000, 0x0000000800000000)
  region size 2048K, 1 young (2048K), 1 survivors (2048K)
 Metaspace       used 41279K, committed 41664K, reserved 1089536K
  class space    used 4254K, committed 4416K, reserved 1048576K
}
Event: 7.369 GC heap before
{Heap before GC invocations=21 (full 0):
 garbage-first heap   total 204800K, used 188797K [0x0000000702600000, 0x0000000800000000)
  region size 2048K, 2 young (4096K), 1 survivors (2048K)
 Metaspace       used 41279K, committed 41664K, reserved 1089536K
  class space    used 4254K, committed 4416K, reserved 1048576K
}
Event: 7.370 GC heap after
{Heap after GC invocations=22 (full 0):
 garbage-first heap   total 204800K, used 188077K [0x0000000702600000, 0x0000000800000000)
  region size 2048K, 1 young (2048K), 1 survivors (2048K)
 Metaspace       used 41279K, committed 41664K, reserved 1089536K
  class space    used 4254K, committed 4416K, reserved 1048576K
}
Event: 7.370 GC heap before
{Heap before GC invocations=22 (full 0):
 garbage-first heap   total 204800K, used 188077K [0x0000000702600000, 0x0000000800000000)
  region size 2048K, 1 young (2048K), 1 survivors (2048K)
 Metaspace       used 41279K, committed 41664K, reserved 1089536K
  class space    used 4254K, committed 4416K, reserved 1048576K
}
Event: 7.370 GC heap after
{Heap after GC invocations=23 (full 0):
 garbage-first heap   total 204800K, used 187897K [0x0000000702600000, 0x0000000800000000)
  region size 2048K, 1 young (2048K), 1 survivors (2048K)
 Metaspace       used 41279K, committed 41664K, reserved 1089536K
  class space    used 4254K, committed 4416K, reserved 1048576K
}
Event: 7.370 GC heap before
{Heap before GC invocations=23 (full 0):
 garbage-first heap   total 204800K, used 187897K [0x0000000702600000, 0x0000000800000000)
  region size 2048K, 1 young (2048K), 1 survivors (2048K)
 Metaspace       used 41279K, committed 41664K, reserved 1089536K
  class space    used 4254K, committed 4416K, reserved 1048576K
}

